1628083751213	geckodriver	INFO	Listening on 127.0.0.1:60840
1628083921869	geckodriver	INFO	Listening on 127.0.0.1:59173
1628083924936	mozrunner::runner	INFO	Running command: "C:\\Program Files\\Mozilla Firefox\\firefox.exe" "--marionette" "-foreground" "-no-remote" "-profile" "C:\\Users\\HPOMEN~1\\AppData\\Local\\Temp\\rust_mozprofile0svQUv"
1628083925312	Marionette	INFO	Marionette enabled
console.warn: SearchSettings: "get: No settings file exists, new profile?" (new NotFoundError("Could not open the file at C:\\Users\\HP OMEN 15\\AppData\\Local\\Temp\\rust_mozprofile0svQUv\\search.json.mozlz4", (void 0)))
1628083927483	Marionette	INFO	Listening on port 55339
1628083927638	Marionette	WARN	TLS certificate errors will be ignored for this session
1628084025128	Marionette	WARN	Ignoring event 'DOMContentLoaded' because document has an invalid readyState of 'complete'.
JavaScript error: https://tiemchungcovid19.gov.vn/scripts.55623277f55bb98eb774.js, line 1: TypeError: e(...).venobox is not a function
console.error: services.settings: 
  main/doh-providers Signature failed  InvalidSignatureError: Invalid content signature (main/doh-providers)
console.error: services.settings: 
  main/doh-providers local data was corrupted
console.warn: services.settings: main/doh-providers Signature verified failed. Retry from scratch
console.error: services.settings: 
  main/doh-config Signature failed  InvalidSignatureError: Invalid content signature (main/doh-config)
console.error: services.settings: 
  main/doh-config local data was corrupted
console.warn: services.settings: main/doh-config Signature verified failed. Retry from scratch
console.log: WebExtensions: reset-default-search: starting.
console.log: WebExtensions: reset-default-search: No addons in our list are installed.
1628084579007	Marionette	INFO	Stopped listening on port 55339
8084572743	mozrunner::runner	INFO	Running command: "C:\\Program Files\\Mozilla Firefox\\firefox.exe" "--marionette" "-foreground" "-no-remote" "-profile" "C:\\Users\\HPOMEN~1\\AppData\\Local\\Temp\\rust_mozprofileTx7yAQ"
1628084573088	Marionette	INFO	Marionette enabled
console.warn: SearchSettings: "get: No settings file exists, new profile?" (new NotFoundError("Could not open the file at C:\\Users\\HP OMEN 15\\AppData\\Local\\Temp\\rust_mozprofileTx7yAQ\\search.json.mozlz4", (void 0)))
1628084575701	Marionette	INFO	Listening on port 53021
1628084575923	Marionette	WARN	TLS certificate errors will be ignored for this session
JavaScript warning: , line 0: WebGL warning: texImage: Alpha-premult and y-flip are deprecated for non-DOM-Element uploads.
JavaScript warning: , line 0: WebGL warning: texImage: Alpha-premult and y-flip are deprecated for non-DOM-Element uploads.
JavaScript warning: , line 0: WebGL warning: texImage: Alpha-premult and y-flip are deprecated for non-DOM-Element uploads.
JavaScript warning: , line 0: WebGL warning: texImage: Alpha-premult and y-flip are deprecated for non-DOM-Element uploads.
JavaScript warning: , line 0: WebGL warning: texImage: Alpha-premult and y-flip are deprecated for non-DOM-Element uploads.
JavaScript warning: , line 0: WebGL warning: texImage: Alpha-premult and y-flip are deprecated for non-DOM-Element uploads.
JavaScript warning: , line 0: WebGL warning: texImage: Alpha-premult and y-flip are deprecated for non-DOM-Element uploads.
JavaScript warning: , line 0: WebGL warning: texImage: Alpha-premult and y-flip are deprecated for non-DOM-Element uploads.
JavaScript warning: , line 0: WebGL warning: texImage: Alpha-premult and y-flip are deprecated for non-DOM-Element uploads.
JavaScript error: https://tiemchungcovid19.gov.vn/scripts.55623277f55bb98eb774.js, line 1: TypeError: e(...).venobox is not a function
JavaScript warning: , line 0: WebGL warning: texImage: Alpha-premult and y-flip are deprecated for non-DOM-Element uploads.
JavaScript warning: , line 0: WebGL warning: texImage: Alpha-premult and y-flip are deprecated for non-DOM-Element uploads.
JavaScript warning: , line 0: WebGL warning: texImage: Alpha-premult and y-flip are deprecated for non-DOM-Element uploads.
JavaScript warning: , line 0: WebGL warning: texImage: Alpha-premult and y-flip are deprecated for non-DOM-Element uploads.
JavaScript warning: , line 0: WebGL warning: texImage: Alpha-premult and y-flip are deprecated for non-DOM-Element uploads.
JavaScript warning: , line 0: WebGL warning: texImage: Alpha-premult and y-flip are deprecated for non-DOM-Element uploads.
JavaScript warning: , line 0: WebGL warning: texImage: Alpha-premult and y-flip are deprecated for non-DOM-Element uploads.
JavaScript warning: , line 0: WebGL warning: texImage: Alpha-premult and y-flip are deprecated for non-DOM-Element uploads.
JavaScript warning: , line 0: WebGL warning: texImage: Alpha-premult and y-flip are deprecated for non-DOM-Element uploads.
JavaScript warning: , line 0: WebGL warning: texImage: Alpha-premult and y-flip are deprecated for non-DOM-Element uploads.
JavaScript warning: , line 0: WebGL warning: texImage: Alpha-premult and y-flip are deprecated for non-DOM-Element uploads.
JavaScript warning: , line 0: WebGL warning: texImage: Alpha-premult and y-flip are deprecated for non-DOM-Element uploads.
JavaScript warning: , line 0: WebGL warning: texImage: Alpha-premult and y-flip are deprecated for non-DOM-Element uploads.
JavaScript warning: , line 0: WebGL warning: texImage: Alpha-premult and y-flip are deprecated for non-DOM-Element uploads.
JavaScript warning: , line 0: WebGL warning: texImage: Alpha-premult and y-flip are deprecated for non-DOM-Element uploads.
JavaScript warning: , line 0: WebGL warning: texImage: Alpha-premult and y-flip are deprecated for non-DOM-Element uploads.
JavaScript warning: , line 0: WebGL warning: texImage: Alpha-premult and y-flip are deprecated for non-DOM-Element uploads.
JavaScript warning: , line 0: WebGL warning: texImage: Alpha-premult and y-flip are deprecated for non-DOM-Element uploads.
JavaScript warning: , line 0: WebGL warning: texImage: Alpha-premult and y-flip are deprecated for non-DOM-Element uploads.
JavaScript warning: , line 0: WebGL warning: texImage: Alpha-premult and y-flip are deprecated for non-DOM-Element uploads.
JavaScript warning: , line 0: WebGL warning: texImage: Alpha-premult and y-flip are deprecated for non-DOM-Element uploads.
JavaScript warning: , line 0: WebGL warning: texImage: Alpha-premult and y-flip are deprecated for non-DOM-Element uploads.
JavaScript warning: , line 0: WebGL warning: texImage: Alpha-premult and y-flip are deprecated for non-DOM-Element uploads.
JavaScript warning: , line 0: WebGL warning: texImage: Alpha-premult and y-flip are deprecated for non-DOM-Element uploads.
JavaScript warning: , line 0: WebGL warning: texImage: Alpha-premult and y-flip are deprecated for non-DOM-Element uploads.
JavaScript warning: , line 0: WebGL warning: texImage: Alpha-premult and y-flip are deprecated for non-DOM-Element uploads.
JavaScript warning: , line 0: WebGL warning: texImage: Alpha-premult and y-flip are deprecated for non-DOM-Element uploads.
JavaScript warning: , line 0: WebGL warning: texImage: Alpha-premult and y-flip are deprecated for non-DOM-Element uploads.
JavaScript warning: , line 0: WebGL warning: texImage: Alpha-premult and y-flip are deprecated for non-DOM-Element uploads.
JavaScript warning: , line 0: WebGL warning: texImage: Alpha-premult and y-flip are deprecated for non-DOM-Element uploads.
JavaScript warning: , line 0: WebGL warning: texImage: Alpha-premult and y-flip are deprecated for non-DOM-Element uploads.
JavaScript warning: , line 0: WebGL warning: texImage: Alpha-premult and y-flip are deprecated for non-DOM-Element uploads.
JavaScript warning: , line 0: WebGL warning: texImage: Alpha-premult and y-flip are deprecated for non-DOM-Element uploads.
1628084849783	Marionette	INFO	Stopped listening on port 53021

###!!! [Child][RunMessage] Error: Channel closing: too late to send/recv, messages will be lost

1628084853729	geckodriver	INFO	Listening on 127.0.0.1:58688
1628084856775	mozrunner::runner	INFO	Running command: "C:\\Program Files\\Mozilla Firefox\\firefox.exe" "--marionette" "-foreground" "-no-remote" "-profile" "C:\\Users\\HPOMEN~1\\AppData\\Local\\Temp\\rust_mozprofilex0aaC7"
1628084857094	Marionette	INFO	Marionette enabled
console.warn: SearchSettings: "get: No settings file exists, new profile?" (new NotFoundError("Could not open the file at C:\\Users\\HP OMEN 15\\AppData\\Local\\Temp\\rust_mozprofilex0aaC7\\search.json.mozlz4", (void 0)))
1628084859260	Marionette	INFO	Listening on port 50067

###!!! [Child][MessageChannel] Error: (msgtype=0x39009A,name=PContent::Msg_InitBackground) Channel closing: too late to send/recv, messages will be lost

1628084859455	Marionette	WARN	TLS certificate errors will be ignored for this session
JavaScript warning: , line 0: WebGL warning: texImage: Alpha-premult and y-flip are deprecated for non-DOM-Element uploads.
JavaScript warning: , line 0: WebGL warning: texImage: Alpha-premult and y-flip are deprecated for non-DOM-Element uploads.
JavaScript warning: , line 0: WebGL warning: texImage: Alpha-premult and y-flip are deprecated for non-DOM-Element uploads.
JavaScript warning: , line 0: WebGL warning: texImage: Alpha-premult and y-flip are deprecated for non-DOM-Element uploads.
JavaScript warning: , line 0: WebGL warning: texImage: Alpha-premult and y-flip are deprecated for non-DOM-Element uploads.
JavaScript warning: , line 0: WebGL warning: texImage: Alpha-premult and y-flip are deprecated for non-DOM-Element uploads.
JavaScript warning: , line 0: WebGL warning: texImage: Alpha-premult and y-flip are deprecated for non-DOM-Element uploads.
JavaScript warning: , line 0: WebGL warning: texImage: Alpha-premult and y-flip are deprecated for non-DOM-Element uploads.
JavaScript warning: , line 0: WebGL warning: texImage: Alpha-premult and y-flip are deprecated for non-DOM-Element uploads.
JavaScript warning: , line 0: WebGL warning: texImage: Alpha-premult and y-flip are deprecated for non-DOM-Element uploads.
JavaScript warning: , line 0: WebGL warning: texImage: Alpha-premult and y-flip are deprecated for non-DOM-Element uploads.
JavaScript warning: , line 0: WebGL warning: texImage: Alpha-premult and y-flip are deprecated for non-DOM-Element uploads.
JavaScript warning: , line 0: WebGL warning: texImage: Alpha-premult and y-flip are deprecated for non-DOM-Element uploads.
JavaScript warning: , line 0: WebGL warning: texImage: Alpha-premult and y-flip are deprecated for non-DOM-Element uploads.
JavaScript warning: , line 0: WebGL warning: texImage: Alpha-premult and y-flip are deprecated for non-DOM-Element uploads.
JavaScript warning: , line 0: WebGL warning: texImage: Alpha-premult and y-flip are deprecated for non-DOM-Element uploads.
JavaScript warning: , line 0: WebGL warning: texImage: Alpha-premult and y-flip are deprecated for non-DOM-Element uploads.
JavaScript warning: , line 0: WebGL warning: texImage: Alpha-premult and y-flip are deprecated for non-DOM-Element uploads.
JavaScript warning: , line 0: WebGL warning: texImage: Alpha-premult and y-flip are deprecated for non-DOM-Element uploads.
JavaScript warning: , line 0: WebGL warning: texImage: Alpha-premult and y-flip are deprecated for non-DOM-Element uploads.
JavaScript warning: , line 0: WebGL warning: texImage: Alpha-premult and y-flip are deprecated for non-DOM-Element uploads.
JavaScript warning: , line 0: WebGL warning: texImage: Alpha-premult and y-flip are deprecated for non-DOM-Element uploads.
JavaScript warning: , line 0: WebGL warning: texImage: Alpha-premult and y-flip are deprecated for non-DOM-Element uploads.
JavaScript warning: , line 0: WebGL warning: texImage: Alpha-premult and y-flip are deprecated for non-DOM-Element uploads.
JavaScript warning: , line 0: WebGL warning: texImage: Alpha-premult and y-flip are deprecated for non-DOM-Element uploads.
JavaScript warning: , line 0: WebGL warning: texImage: Alpha-premult and y-flip are deprecated for non-DOM-Element uploads.
JavaScript warning: , line 0: WebGL warning: texImage: Alpha-premult and y-flip are deprecated for non-DOM-Element uploads.
JavaScript warning: , line 0: WebGL warning: texImage: Alpha-premult and y-flip are deprecated for non-DOM-Element uploads.
JavaScript warning: , line 0: WebGL warning: texImage: Alpha-premult and y-flip are deprecated for non-DOM-Element uploads.
JavaScript warning: , line 0: WebGL warning: texImage: Alpha-premult and y-flip are deprecated for non-DOM-Element uploads.
JavaScript warning: , line 0: WebGL warning: texImage: Alpha-premult and y-flip are deprecated for non-DOM-Element uploads.
JavaScript warning: , line 0: WebGL warning: texImage: Alpha-premult and y-flip are deprecated for non-DOM-Element uploads.
JavaScript warning: , line 0: WebGL warning: texImage: Alpha-premult and y-flip are deprecated for non-DOM-Element uploads.
JavaScript warning: , line 0: WebGL warning: texImage: Alpha-premult and y-flip are deprecated for non-DOM-Element uploads.
JavaScript warning: , line 0: WebGL warning: texImage: Alpha-premult and y-flip are deprecated for non-DOM-Element uploads.
JavaScript warning: , line 0: WebGL warning: texImage: Alpha-premult and y-flip are deprecated for non-DOM-Element uploads.
JavaScript warning: , line 0: WebGL warning: texImage: Alpha-premult and y-flip are deprecated for non-DOM-Element uploads.
JavaScript warning: , line 0: WebGL warning: texImage: Alpha-premult and y-flip are deprecated for non-DOM-Element uploads.
JavaScript warning: , line 0: WebGL warning: texImage: Alpha-premult and y-flip are deprecated for non-DOM-Element uploads.
JavaScript warning: , line 0: WebGL warning: texImage: Alpha-premult and y-flip are deprecated for non-DOM-Element uploads.
JavaScript warning: , line 0: WebGL warning: texImage: Alpha-premult and y-flip are deprecated for non-DOM-Element uploads.
JavaScript error: https://tiemchungcovid19.gov.vn/scripts.55623277f55bb98eb774.js, line 1: TypeError: e(...).venobox is not a function
1628085229908	Marionette	INFO	Stopped listening on port 50067

###!!! [Child][RunMessage] Error: Channel closing: too late to send/recv, messages will be lost

"--marionette" "-foreground" "-no-remote" "-profile" "C:\\Users\\HPOMEN~1\\AppData\\Local\\Temp\\rust_mozprofilenY3mGs"
1628085223806	Marionette	INFO	Marionette enabled
console.warn: SearchSettings: "get: No settings file exists, new profile?" (new NotFoundError("Could not open the file at C:\\Users\\HP OMEN 15\\AppData\\Local\\Temp\\rust_mozprofilenY3mGs\\search.json.mozlz4", (void 0)))
1628085226154	Marionette	INFO	Listening on port 50757

###!!! [Child][MessageChannel] Error: (msgtype=0x39009A,name=PContent::Msg_InitBackground) Channel closing: too late to send/recv, messages will be lost

1628085226591	Marionette	WARN	TLS certificate errors will be ignored for this session
JavaScript error: https://tiemchungcovid19.gov.vn/scripts.55623277f55bb98eb774.js, line 1: TypeError: e(...).venobox is not a function
console.error: services.settings: 
  main/doh-providers Signature failed  InvalidSignatureError: Invalid content signature (main/doh-providers)
console.error: services.settings: 
  main/doh-providers local data was corrupted
console.warn: services.settings: main/doh-providers Signature verified failed. Retry from scratch
console.error: services.settings: 
  main/doh-config Signature failed  InvalidSignatureError: Invalid content signature (main/doh-config)
console.error: services.settings: 
  main/doh-config local data was corrupted
console.warn: services.settings: main/doh-config Signature verified failed. Retry from scratch
console.log: WebExtensions: reset-default-search: starting.
console.log: WebExtensions: reset-default-search: No addons in our list are installed.
